[2026-06-24 14:45:26,810] DEBUG preRegister called. Server=com.sun.jmx.mbeanserver.JmxMBeanServer@38cccef, name=log4j:logger=kafka.controller (kafka.controller)
[2026-06-24 14:45:32,723] INFO [ControllerEventThread controllerId=0] Starting (kafka.controller.ControllerEventManager$ControllerEventThread)
[2026-06-24 14:45:32,818] INFO [Controller id=0] 0 successfully elected as the controller. Epoch incremented to 1 and epoch zk version is now 1 (kafka.controller.KafkaController)
[2026-06-24 14:45:32,841] INFO [Controller id=0] Creating FeatureZNode at path: /feature with contents: FeatureZNode(Enabled,Features{}) (kafka.controller.KafkaController)
[2026-06-24 14:45:33,095] INFO [Controller id=0] Registering handlers (kafka.controller.KafkaController)
[2026-06-24 14:45:33,128] INFO [Controller id=0] Deleting log dir event notifications (kafka.controller.KafkaController)
[2026-06-24 14:45:33,138] INFO [Controller id=0] Deleting isr change notifications (kafka.controller.KafkaController)
[2026-06-24 14:45:33,144] INFO [Controller id=0] Initializing controller context (kafka.controller.KafkaController)
[2026-06-24 14:45:33,348] INFO [Controller id=0] Initialized broker epochs cache: HashMap(0 -> 25) (kafka.controller.KafkaController)
[2026-06-24 14:45:33,384] DEBUG [Controller id=0] Register BrokerModifications handler for Set(0) (kafka.controller.KafkaController)
[2026-06-24 14:45:33,400] DEBUG [Channel manager on controller 0]: Controller 0 trying to connect to broker 0 (kafka.controller.ControllerChannelManager)
[2026-06-24 14:45:33,443] INFO [Controller id=0] Currently active brokers in the cluster: Set(0) (kafka.controller.KafkaController)
[2026-06-24 14:45:33,445] INFO [Controller id=0] Currently shutting brokers in the cluster: HashSet() (kafka.controller.KafkaController)
[2026-06-24 14:45:33,446] INFO [Controller id=0] Current list of topics in the cluster: HashSet() (kafka.controller.KafkaController)
[2026-06-24 14:45:33,447] INFO [Controller id=0] Fetching topic deletions in progress (kafka.controller.KafkaController)
[2026-06-24 14:45:33,457] INFO [RequestSendThread controllerId=0] Starting (kafka.controller.RequestSendThread)
[2026-06-24 14:45:33,462] INFO [Controller id=0] List of topics to be deleted:  (kafka.controller.KafkaController)
[2026-06-24 14:45:33,462] INFO [Controller id=0] List of topics ineligible for deletion:  (kafka.controller.KafkaController)
[2026-06-24 14:45:33,463] INFO [Controller id=0] Initializing topic deletion manager (kafka.controller.KafkaController)
[2026-06-24 14:45:33,464] INFO [Topic Deletion Manager 0] Initializing manager with initial deletions: Set(), initial ineligible deletions: HashSet() (kafka.controller.TopicDeletionManager)
[2026-06-24 14:45:33,519] INFO [Controller id=0] Sending update metadata request (kafka.controller.KafkaController)
[2026-06-24 14:45:33,597] INFO [ReplicaStateMachine controllerId=0] Initializing replica state (kafka.controller.ZkReplicaStateMachine)
[2026-06-24 14:45:33,599] INFO [ReplicaStateMachine controllerId=0] Triggering online replica state changes (kafka.controller.ZkReplicaStateMachine)
[2026-06-24 14:45:33,606] INFO [RequestSendThread controllerId=0] Controller 0 connected to DESKTOP-VI6B10H:9092 (id: 0 rack: null) for sending state change requests (kafka.controller.RequestSendThread)
[2026-06-24 14:45:33,614] INFO [ReplicaStateMachine controllerId=0] Triggering offline replica state changes (kafka.controller.ZkReplicaStateMachine)
[2026-06-24 14:45:33,617] DEBUG [ReplicaStateMachine controllerId=0] Started replica state machine with initial state -> HashMap() (kafka.controller.ZkReplicaStateMachine)
[2026-06-24 14:45:33,650] INFO [PartitionStateMachine controllerId=0] Initializing partition state (kafka.controller.ZkPartitionStateMachine)
[2026-06-24 14:45:33,656] INFO [PartitionStateMachine controllerId=0] Triggering online partition state changes (kafka.controller.ZkPartitionStateMachine)
[2026-06-24 14:45:33,673] DEBUG [PartitionStateMachine controllerId=0] Started partition state machine with initial state -> HashMap() (kafka.controller.ZkPartitionStateMachine)
[2026-06-24 14:45:33,675] INFO [Controller id=0] Ready to serve as the new controller with epoch 1 (kafka.controller.KafkaController)
[2026-06-24 14:45:33,745] INFO [Controller id=0] Partitions undergoing preferred replica election:  (kafka.controller.KafkaController)
[2026-06-24 14:45:33,746] INFO [Controller id=0] Partitions that completed preferred replica election:  (kafka.controller.KafkaController)
[2026-06-24 14:45:33,748] INFO [Controller id=0] Skipping preferred replica election for partitions due to topic deletion:  (kafka.controller.KafkaController)
[2026-06-24 14:45:33,751] INFO [Controller id=0] Resuming preferred replica election for partitions:  (kafka.controller.KafkaController)
[2026-06-24 14:45:33,758] INFO [Controller id=0] Starting replica leader election (PREFERRED) for partitions  triggered by ZkTriggered (kafka.controller.KafkaController)
[2026-06-24 14:45:33,828] INFO [Controller id=0] Starting the controller scheduler (kafka.controller.KafkaController)
[2026-06-24 14:45:38,865] INFO [Controller id=0] Processing automatic preferred replica leader election (kafka.controller.KafkaController)
[2026-06-24 14:45:38,867] TRACE [Controller id=0] Checking need to trigger auto leader balancing (kafka.controller.KafkaController)
[2026-06-24 14:50:38,964] INFO [Controller id=0] Processing automatic preferred replica leader election (kafka.controller.KafkaController)
[2026-06-24 14:50:38,974] TRACE [Controller id=0] Checking need to trigger auto leader balancing (kafka.controller.KafkaController)
[2026-06-24 14:55:25,795] INFO [Controller id=0] New topics: [Set(raw_mssql_data_PINCODE)], deleted topics: [HashSet()], new partition replica assignment [Set(TopicIdReplicaAssignment(raw_mssql_data_PINCODE,Some(3rNGBHX7Tj-Bs4A2gdSO7A),Map(raw_mssql_data_PINCODE-0 -> ReplicaAssignment(replicas=0, addingReplicas=, removingReplicas=))))] (kafka.controller.KafkaController)
[2026-06-24 14:55:25,800] INFO [Controller id=0] New partition creation callback for raw_mssql_data_PINCODE-0 (kafka.controller.KafkaController)
[2026-06-24 14:55:29,831] INFO [Controller id=0] New topics: [Set(transformed_data_PINCODE)], deleted topics: [HashSet()], new partition replica assignment [Set(TopicIdReplicaAssignment(transformed_data_PINCODE,Some(zhcHe_MPRV2mTeDrsFpMIg),Map(transformed_data_PINCODE-0 -> ReplicaAssignment(replicas=0, addingReplicas=, removingReplicas=))))] (kafka.controller.KafkaController)
[2026-06-24 14:55:29,831] INFO [Controller id=0] New partition creation callback for transformed_data_PINCODE-0 (kafka.controller.KafkaController)
[2026-06-24 14:55:32,855] INFO [Controller id=0] New topics: [Set(raw_mssql_data_STATE_CODE)], deleted topics: [HashSet()], new partition replica assignment [Set(TopicIdReplicaAssignment(raw_mssql_data_STATE_CODE,Some(XZ8xrNF9RpaIrFqy8Lc6kQ),Map(raw_mssql_data_STATE_CODE-0 -> ReplicaAssignment(replicas=0, addingReplicas=, removingReplicas=))))] (kafka.controller.KafkaController)
[2026-06-24 14:55:32,855] INFO [Controller id=0] New partition creation callback for raw_mssql_data_STATE_CODE-0 (kafka.controller.KafkaController)
[2026-06-24 14:55:38,985] INFO [Controller id=0] Processing automatic preferred replica leader election (kafka.controller.KafkaController)
[2026-06-24 14:55:38,985] TRACE [Controller id=0] Checking need to trigger auto leader balancing (kafka.controller.KafkaController)
[2026-06-24 14:55:38,992] DEBUG [Controller id=0] Topics not in preferred replica for broker 0 Map() (kafka.controller.KafkaController)
[2026-06-24 14:55:38,998] TRACE [Controller id=0] Leader imbalance ratio for broker 0 is 0.0 (kafka.controller.KafkaController)
[2026-06-24 14:56:22,988] INFO [Controller id=0] New topics: [Set(transformed_data_STATE_CODE)], deleted topics: [HashSet()], new partition replica assignment [Set(TopicIdReplicaAssignment(transformed_data_STATE_CODE,Some(411JdyVBSN2cnCgz9QW0rg),Map(transformed_data_STATE_CODE-0 -> ReplicaAssignment(replicas=0, addingReplicas=, removingReplicas=))))] (kafka.controller.KafkaController)
[2026-06-24 14:56:22,989] INFO [Controller id=0] New partition creation callback for transformed_data_STATE_CODE-0 (kafka.controller.KafkaController)
