[2026-06-24 14:45:33,534] INFO [Controller id=0 epoch=1] Sending UpdateMetadata request to brokers HashSet(0) for 0 partitions (state.change.logger)
[2026-06-24 14:55:25,817] INFO [Controller id=0 epoch=1] Changed partition raw_mssql_data_PINCODE-0 state from NonExistentPartition to NewPartition with assigned replicas 0 (state.change.logger)
[2026-06-24 14:55:25,819] INFO [Controller id=0 epoch=1] Sending UpdateMetadata request to brokers HashSet() for 0 partitions (state.change.logger)
[2026-06-24 14:55:25,837] INFO [Controller id=0 epoch=1] Sending UpdateMetadata request to brokers HashSet() for 0 partitions (state.change.logger)
[2026-06-24 14:55:25,918] INFO [Controller id=0 epoch=1] Changed partition raw_mssql_data_PINCODE-0 from NewPartition to OnlinePartition with state LeaderAndIsr(leader=0, leaderEpoch=0, isr=List(0), zkVersion=0) (state.change.logger)
[2026-06-24 14:55:25,930] INFO [Controller id=0 epoch=1] Sending LeaderAndIsr request to broker 0 with 1 become-leader and 0 become-follower partitions (state.change.logger)
[2026-06-24 14:55:25,940] INFO [Controller id=0 epoch=1] Sending UpdateMetadata request to brokers HashSet(0) for 1 partitions (state.change.logger)
[2026-06-24 14:55:25,942] INFO [Controller id=0 epoch=1] Sending UpdateMetadata request to brokers HashSet() for 0 partitions (state.change.logger)
[2026-06-24 14:55:25,968] INFO [Broker id=0] Handling LeaderAndIsr request correlationId 1 from controller 0 for 1 partitions (state.change.logger)
[2026-06-24 14:55:26,100] INFO [Broker id=0] Stopped fetchers as part of LeaderAndIsr request correlationId 1 from controller 0 epoch 1 as part of the become-leader transition for 1 partitions (state.change.logger)
[2026-06-24 14:55:26,463] INFO [Broker id=0] Leader raw_mssql_data_PINCODE-0 starts at leader epoch 0 from offset 0 with high watermark 0 ISR [0] addingReplicas [] removingReplicas []. Previous leader epoch was -1. (state.change.logger)
[2026-06-24 14:55:26,512] INFO [Broker id=0] Finished LeaderAndIsr request in 552ms correlationId 1 from controller 0 for 1 partitions (state.change.logger)
[2026-06-24 14:55:26,542] INFO [Broker id=0] Add 1 partitions and deleted 0 partitions from metadata cache in response to UpdateMetadata request sent by controller 0 epoch 1 with correlation id 2 (state.change.logger)
[2026-06-24 14:55:29,831] INFO [Controller id=0 epoch=1] Changed partition transformed_data_PINCODE-0 state from NonExistentPartition to NewPartition with assigned replicas 0 (state.change.logger)
[2026-06-24 14:55:29,831] INFO [Controller id=0 epoch=1] Sending UpdateMetadata request to brokers HashSet() for 0 partitions (state.change.logger)
[2026-06-24 14:55:29,832] INFO [Controller id=0 epoch=1] Sending UpdateMetadata request to brokers HashSet() for 0 partitions (state.change.logger)
[2026-06-24 14:55:29,844] INFO [Controller id=0 epoch=1] Changed partition transformed_data_PINCODE-0 from NewPartition to OnlinePartition with state LeaderAndIsr(leader=0, leaderEpoch=0, isr=List(0), zkVersion=0) (state.change.logger)
[2026-06-24 14:55:29,844] INFO [Controller id=0 epoch=1] Sending LeaderAndIsr request to broker 0 with 1 become-leader and 0 become-follower partitions (state.change.logger)
[2026-06-24 14:55:29,844] INFO [Controller id=0 epoch=1] Sending UpdateMetadata request to brokers HashSet(0) for 1 partitions (state.change.logger)
[2026-06-24 14:55:29,845] INFO [Controller id=0 epoch=1] Sending UpdateMetadata request to brokers HashSet() for 0 partitions (state.change.logger)
[2026-06-24 14:55:29,846] INFO [Broker id=0] Handling LeaderAndIsr request correlationId 3 from controller 0 for 1 partitions (state.change.logger)
[2026-06-24 14:55:29,848] INFO [Broker id=0] Stopped fetchers as part of LeaderAndIsr request correlationId 3 from controller 0 epoch 1 as part of the become-leader transition for 1 partitions (state.change.logger)
[2026-06-24 14:55:29,905] INFO [Broker id=0] Leader transformed_data_PINCODE-0 starts at leader epoch 0 from offset 0 with high watermark 0 ISR [0] addingReplicas [] removingReplicas []. Previous leader epoch was -1. (state.change.logger)
[2026-06-24 14:55:29,910] INFO [Broker id=0] Finished LeaderAndIsr request in 64ms correlationId 3 from controller 0 for 1 partitions (state.change.logger)
[2026-06-24 14:55:29,912] INFO [Broker id=0] Add 1 partitions and deleted 0 partitions from metadata cache in response to UpdateMetadata request sent by controller 0 epoch 1 with correlation id 4 (state.change.logger)
[2026-06-24 14:55:32,855] INFO [Controller id=0 epoch=1] Changed partition raw_mssql_data_STATE_CODE-0 state from NonExistentPartition to NewPartition with assigned replicas 0 (state.change.logger)
[2026-06-24 14:55:32,856] INFO [Controller id=0 epoch=1] Sending UpdateMetadata request to brokers HashSet() for 0 partitions (state.change.logger)
[2026-06-24 14:55:32,856] INFO [Controller id=0 epoch=1] Sending UpdateMetadata request to brokers HashSet() for 0 partitions (state.change.logger)
[2026-06-24 14:55:32,868] INFO [Controller id=0 epoch=1] Changed partition raw_mssql_data_STATE_CODE-0 from NewPartition to OnlinePartition with state LeaderAndIsr(leader=0, leaderEpoch=0, isr=List(0), zkVersion=0) (state.change.logger)
[2026-06-24 14:55:32,868] INFO [Controller id=0 epoch=1] Sending LeaderAndIsr request to broker 0 with 1 become-leader and 0 become-follower partitions (state.change.logger)
[2026-06-24 14:55:32,868] INFO [Controller id=0 epoch=1] Sending UpdateMetadata request to brokers HashSet(0) for 1 partitions (state.change.logger)
[2026-06-24 14:55:32,869] INFO [Controller id=0 epoch=1] Sending UpdateMetadata request to brokers HashSet() for 0 partitions (state.change.logger)
[2026-06-24 14:55:32,870] INFO [Broker id=0] Handling LeaderAndIsr request correlationId 5 from controller 0 for 1 partitions (state.change.logger)
[2026-06-24 14:55:32,872] INFO [Broker id=0] Stopped fetchers as part of LeaderAndIsr request correlationId 5 from controller 0 epoch 1 as part of the become-leader transition for 1 partitions (state.change.logger)
[2026-06-24 14:55:32,910] INFO [Broker id=0] Leader raw_mssql_data_STATE_CODE-0 starts at leader epoch 0 from offset 0 with high watermark 0 ISR [0] addingReplicas [] removingReplicas []. Previous leader epoch was -1. (state.change.logger)
[2026-06-24 14:55:32,914] INFO [Broker id=0] Finished LeaderAndIsr request in 45ms correlationId 5 from controller 0 for 1 partitions (state.change.logger)
[2026-06-24 14:55:32,917] INFO [Broker id=0] Add 1 partitions and deleted 0 partitions from metadata cache in response to UpdateMetadata request sent by controller 0 epoch 1 with correlation id 6 (state.change.logger)
[2026-06-24 14:56:22,989] INFO [Controller id=0 epoch=1] Changed partition transformed_data_STATE_CODE-0 state from NonExistentPartition to NewPartition with assigned replicas 0 (state.change.logger)
[2026-06-24 14:56:22,989] INFO [Controller id=0 epoch=1] Sending UpdateMetadata request to brokers HashSet() for 0 partitions (state.change.logger)
[2026-06-24 14:56:22,990] INFO [Controller id=0 epoch=1] Sending UpdateMetadata request to brokers HashSet() for 0 partitions (state.change.logger)
[2026-06-24 14:56:23,000] INFO [Controller id=0 epoch=1] Changed partition transformed_data_STATE_CODE-0 from NewPartition to OnlinePartition with state LeaderAndIsr(leader=0, leaderEpoch=0, isr=List(0), zkVersion=0) (state.change.logger)
[2026-06-24 14:56:23,000] INFO [Controller id=0 epoch=1] Sending LeaderAndIsr request to broker 0 with 1 become-leader and 0 become-follower partitions (state.change.logger)
[2026-06-24 14:56:23,000] INFO [Controller id=0 epoch=1] Sending UpdateMetadata request to brokers HashSet(0) for 1 partitions (state.change.logger)
[2026-06-24 14:56:23,001] INFO [Controller id=0 epoch=1] Sending UpdateMetadata request to brokers HashSet() for 0 partitions (state.change.logger)
[2026-06-24 14:56:23,002] INFO [Broker id=0] Handling LeaderAndIsr request correlationId 7 from controller 0 for 1 partitions (state.change.logger)
[2026-06-24 14:56:23,005] INFO [Broker id=0] Stopped fetchers as part of LeaderAndIsr request correlationId 7 from controller 0 epoch 1 as part of the become-leader transition for 1 partitions (state.change.logger)
[2026-06-24 14:56:23,049] INFO [Broker id=0] Leader transformed_data_STATE_CODE-0 starts at leader epoch 0 from offset 0 with high watermark 0 ISR [0] addingReplicas [] removingReplicas []. Previous leader epoch was -1. (state.change.logger)
[2026-06-24 14:56:23,056] INFO [Broker id=0] Finished LeaderAndIsr request in 53ms correlationId 7 from controller 0 for 1 partitions (state.change.logger)
[2026-06-24 14:56:23,058] INFO [Broker id=0] Add 1 partitions and deleted 0 partitions from metadata cache in response to UpdateMetadata request sent by controller 0 epoch 1 with correlation id 8 (state.change.logger)
